Arguments: 
  D:\Program Files\nodejs\node.exe C:\Users\Luqe302\AppData\Roaming\npm\node_modules\yarn\bin\yarn.js init

PATH: 
  C:\Users\Luqe302\bin;D:\Program Files\Git\mingw64\bin;D:\Program Files\Git\usr\local\bin;D:\Program Files\Git\usr\bin;D:\Program Files\Git\usr\bin;D:\Program Files\Git\mingw64\bin;D:\Program Files\Git\usr\bin;C:\Users\Luqe302\bin;C:\ProgramData\Oracle\Java\javapath;C:\WINDOWS\system32;C:\WINDOWS;C:\WINDOWS\System32\Wbem;C:\WINDOWS\System32\WindowsPowerShell\v1.0;D:\Program Files\Git\cmd;D:\Program Files\nodejs;D:\HashiCorp\Vagrant\bin;C:\Users\Luqe302\AppData\Local\Microsoft\WindowsApps;C:\Users\Luqe302\AppData\Local\atom\bin;C:\Users\Luqe302\AppData\Local\Microsoft\WindowsApps;C:\Users\Luqe302\AppData\Roaming\npm;D:\Program Files\Microsoft VS Code\bin;D:\Program Files\Git\usr\bin\vendor_perl;D:\Program Files\Git\usr\bin\core_perl

Yarn version: 
  1.2.1

Node version: 
  6.11.2

Platform: 
  win32 x64

npm manifest: 
  No manifest

yarn manifest: 
  No manifest

Lockfile: 
  No lockfile

Trace: 
  Error: Can't answer a question unless a user TTY
      at ConsoleReporter.question (C:\Users\Luqe302\AppData\Roaming\npm\node_modules\yarn\lib\cli.js:87242:59)
      at Object.<anonymous> (C:\Users\Luqe302\AppData\Roaming\npm\node_modules\yarn\lib\cli.js:81759:38)
      at next (native)
      at step (C:\Users\Luqe302\AppData\Roaming\npm\node_modules\yarn\lib\cli.js:92:30)
      at C:\Users\Luqe302\AppData\Roaming\npm\node_modules\yarn\lib\cli.js:103:13
